<?xml version="1.0" encoding="UTF-8"?>
<testsuite xmlns:xsi="http://www.w3.org/2001/XMLSchema-instance" xsi:noNamespaceSchemaLocation="https://maven.apache.org/surefire/maven-surefire-plugin/xsd/surefire-test-report-3.0.xsd" version="3.0" name="com.lambda.api.users.AppTest" time="0.074" tests="1" errors="0" skipped="0" failures="0">
  <properties>
    <property name="sun.desktop" value="windows"/>
    <property name="awt.toolkit" value="sun.awt.windows.WToolkit"/>
    <property name="file.encoding.pkg" value="sun.io"/>
    <property name="java.specification.version" value="1.8"/>
    <property name="sun.cpu.isalist" value="amd64"/>
    <property name="sun.jnu.encoding" value="Cp1252"/>
    <property name="java.class.path" value="E:\complete-project-latest\aws-serverless\lambda-users-api\target\test-classes;E:\complete-project-latest\aws-serverless\lambda-users-api\target\classes;C:\Users\lenovo\.m2\repository\com\amazonaws\aws-lambda-java-core\1.2.1\aws-lambda-java-core-1.2.1.jar;C:\Users\lenovo\.m2\repository\com\amazonaws\aws-lambda-java-events\3.10.0\aws-lambda-java-events-3.10.0.jar;C:\Users\lenovo\.m2\repository\joda-time\joda-time\2.6\joda-time-2.6.jar;C:\Users\lenovo\.m2\repository\com\google\code\gson\gson\2.8.8\gson-2.8.8.jar;C:\Users\lenovo\.m2\repository\junit\junit\3.8.1\junit-3.8.1.jar;"/>
    <property name="java.vm.vendor" value="Oracle Corporation"/>
    <property name="sun.arch.data.model" value="64"/>
    <property name="user.variant" value=""/>
    <property name="java.vendor.url" value="http://java.oracle.com/"/>
    <property name="user.timezone" value="Asia/Calcutta"/>
    <property name="java.vm.specification.version" value="1.8"/>
    <property name="os.name" value="Windows 10"/>
    <property name="user.country" value="IN"/>
    <property name="sun.java.launcher" value="SUN_STANDARD"/>
    <property name="sun.boot.library.path" value="C:\java\jdk1.8.0_181\jre\bin"/>
    <property name="sun.java.command" value="C:\Users\lenovo\AppData\Local\Temp\surefire7058424127959983723\surefirebooter-20240723140450690_3.jar C:\Users\lenovo\AppData\Local\Temp\surefire7058424127959983723 2024-07-23T14-04-47_468-jvmRun1 surefire-20240723140450690_1tmp surefire_0-20240723140450690_2tmp"/>
    <property name="surefire.test.class.path" value="E:\complete-project-latest\aws-serverless\lambda-users-api\target\test-classes;E:\complete-project-latest\aws-serverless\lambda-users-api\target\classes;C:\Users\lenovo\.m2\repository\com\amazonaws\aws-lambda-java-core\1.2.1\aws-lambda-java-core-1.2.1.jar;C:\Users\lenovo\.m2\repository\com\amazonaws\aws-lambda-java-events\3.10.0\aws-lambda-java-events-3.10.0.jar;C:\Users\lenovo\.m2\repository\joda-time\joda-time\2.6\joda-time-2.6.jar;C:\Users\lenovo\.m2\repository\com\google\code\gson\gson\2.8.8\gson-2.8.8.jar;C:\Users\lenovo\.m2\repository\junit\junit\3.8.1\junit-3.8.1.jar;"/>
    <property name="sun.cpu.endian" value="little"/>
    <property name="user.home" value="C:\Users\lenovo"/>
    <property name="user.language" value="en"/>
    <property name="java.specification.vendor" value="Oracle Corporation"/>
    <property name="java.home" value="C:\java\jdk1.8.0_181\jre"/>
    <property name="basedir" value="E:\complete-project-latest\aws-serverless\lambda-users-api"/>
    <property name="file.separator" value="\"/>
    <property name="line.separator" value="&#10;"/>
    <property name="java.vm.specification.vendor" value="Oracle Corporation"/>
    <property name="java.specification.name" value="Java Platform API Specification"/>
    <property name="java.awt.graphicsenv" value="sun.awt.Win32GraphicsEnvironment"/>
    <property name="surefire.real.class.path" value="C:\Users\lenovo\AppData\Local\Temp\surefire7058424127959983723\surefirebooter-20240723140450690_3.jar"/>
    <property name="sun.boot.class.path" value="C:\java\jdk1.8.0_181\jre\lib\resources.jar;C:\java\jdk1.8.0_181\jre\lib\rt.jar;C:\java\jdk1.8.0_181\jre\lib\sunrsasign.jar;C:\java\jdk1.8.0_181\jre\lib\jsse.jar;C:\java\jdk1.8.0_181\jre\lib\jce.jar;C:\java\jdk1.8.0_181\jre\lib\charsets.jar;C:\java\jdk1.8.0_181\jre\lib\jfr.jar;C:\java\jdk1.8.0_181\jre\classes"/>
    <property name="user.script" value=""/>
    <property name="sun.management.compiler" value="HotSpot 64-Bit Tiered Compilers"/>
    <property name="java.runtime.version" value="1.8.0_181-b13"/>
    <property name="user.name" value="lenovo"/>
    <property name="path.separator" value=";"/>
    <property name="os.version" value="10.0"/>
    <property name="java.endorsed.dirs" value="C:\java\jdk1.8.0_181\jre\lib\endorsed"/>
    <property name="java.runtime.name" value="Java(TM) SE Runtime Environment"/>
    <property name="file.encoding" value="Cp1252"/>
    <property name="java.vm.name" value="Java HotSpot(TM) 64-Bit Server VM"/>
    <property name="localRepository" value="C:\Users\lenovo\.m2\repository"/>
    <property name="java.vendor.url.bug" value="http://bugreport.sun.com/bugreport/"/>
    <property name="java.io.tmpdir" value="C:\Users\lenovo\AppData\Local\Temp\"/>
    <property name="java.version" value="1.8.0_181"/>
    <property name="user.dir" value="E:\complete-project-latest\aws-serverless\lambda-users-api"/>
    <property name="os.arch" value="amd64"/>
    <property name="java.vm.specification.name" value="Java Virtual Machine Specification"/>
    <property name="java.awt.printerjob" value="sun.awt.windows.WPrinterJob"/>
    <property name="sun.os.patch.level" value=""/>
    <property name="java.library.path" value="C:\java\jdk1.8.0_181\jre\bin;C:\WINDOWS\Sun\Java\bin;C:\WINDOWS\system32;C:\WINDOWS;C:\Program Files\Common Files\Oracle\Java\javapath;C:\Program Files (x86)\Common Files\Oracle\Java\javapath;C:\Program Files (x86)\Intel\Intel(R) Management Engine Components\iCLS\;C:\Program Files\Intel\Intel(R) Management Engine Components\iCLS\;C:\WINDOWS\system32;C:\WINDOWS;C:\WINDOWS\System32\Wbem;C:\WINDOWS\System32\WindowsPowerShell\v1.0\;C:\Program Files (x86)\Intel\Intel(R) Management Engine Components\DAL;C:\Program Files\Intel\Intel(R) Management Engine Components\DAL;C:\Program Files (x86)\Intel\Intel(R) Management Engine Components\IPT;C:\Program Files\Intel\Intel(R) Management Engine Components\IPT;C:\Program Files\Git\cmd;C:\java\jdk1.8.0_181\bin;C:\WINDOWS\System32\OpenSSH\;C:\Users\lenovo\Envs\test;C:\Users\lenovo\Envs\test\Scripts\;C:\Program Files\Microsoft VS Code\bin;C:\Program Files\TortoiseGit\bin;%ZOOKEEPER_HOME%\bin;C:\java\jdk1.8.0_181\bin;C:\Program Files\nodejs\;E:\apache-maven-3.9.6\bin;C:\Program Files\Docker\Docker\resources\bin;C:\Program Files\Amazon\AWSCLIV2\;C:\java\jdk1.8.0_181\bin;E:\apache-maven-3.9.6\bin;C:\Users\lenovo\AppData\Local\Programs\Python\Python38-32\Scripts\;C:\Users\lenovo\AppData\Local\Programs\Python\Python38-32\;C:\Users\lenovo\AppData\Roaming\Microsoft\Windows\Start Menu\Programs\Python 3.8;C:\Program Files\JetBrains\PyCharm Community Edition 2019.3.2\bin;;C:\Program Files\JetBrains\IntelliJ IDEA Community Edition 2019.3.4\bin;;C:\Users\lenovo\AppData\Local\Microsoft\WindowsApps;C:\Users\lenovo\AppData\Roaming\npm;;."/>
    <property name="java.vm.info" value="mixed mode"/>
    <property name="java.vendor" value="Oracle Corporation"/>
    <property name="java.vm.version" value="25.181-b13"/>
    <property name="java.ext.dirs" value="C:\java\jdk1.8.0_181\jre\lib\ext;C:\WINDOWS\Sun\Java\lib\ext"/>
    <property name="sun.io.unicode.encoding" value="UnicodeLittle"/>
    <property name="java.class.version" value="52.0"/>
  </properties>
  <testcase name="testApp" classname="com.lambda.api.users.AppTest" time="0.012"/>
</testsuite>